08:00:00 01/01/2024 002734 [París] [Francia] [Air France] 180 [Soleado] [Aceptado]
10:30:00 02/01/2024 023415 [Nueva York] [Estados Unidos] [Delta] 250 [Nublado] [Aceptado]
14:00:00 03/01/2024 122003 [Londres] [Reino Unido] [British Airways] 150 [Lluvioso] [Aceptado]
16:30:00 04/01/2024 002734 [París] [Francia] [Air France] 180 [Soleado] [Aceptado]
09:45:00 05/01/2024 022011 [Berlín] [Alemania] [Lufthansa] 200 [Soleado] [Aceptado]
12:15:00 06/01/2024 001009 [Tokio] [Japón] [ANA] 300 [Nublado] [Cancelado] [Temporal]
13:30:00 07/01/2024 002734 [Buenos Aires] [Argentina] [Aerolíneas Argentinas] 280 [Soleado] [Aceptado]
21:50:00 08/01/2024 023415 [Sidney] [Australia] [Qantas] 320 [Lluvioso] [Aceptado]
07:30:00 09/01/2024 122003 [Pekín] [China] [Air China] 300 [Soleado] [Aceptado]
16:00:00 10/01/2024 002734 [Roma] [Italia] [Alitalia] 170 [Nublado] [Aceptado]
04:20:00 11/01/2024 022011 [El Cairo] [Egipto] [EgyptAir] 200 [Soleado] [Cancelado] [Huelga]
15:10:00 12/01/2024 001009 [Ciudad de México] [México] [Aeroméxico] 220 [Soleado] [Aceptado]
08:30:00 13/01/2024 002734 [Moscú] [Rusia] [Aeroflot] 210 [Nublado] [Cancelado] [Problemas Técnicos]
18:20:00 14/01/2024 023415 [Estambul] [Turquía] [Turkish Airlines] 210 [Lluvioso] [Aceptado]
10:50:00 15/01/2024 122003 [Atenas] [Grecia] [Aegean Airlines] 170 [Soleado] [Aceptado]
19:10:00 16/01/2024 002734 [Dubái] [Emiratos Árabes Unidos] [Emirates] 310 [Soleado] [Aceptado]
07:10:00 17/01/2024 022011 [Seúl] [Corea del Sur] [Korean Air] 280 [Lluvioso] [Cancelado] [Temporal]
15:30:00 18/01/2024 001009 [Johannesburgo] [Sudáfrica] [South African Airways] 250 [Soleado] [Aceptado]
22:55:00 19/01/2024 002734 [Sao Paulo] [Brasil] [LATAM] 290 [Nublado] [Aceptado]
13:20:00 20/01/2024 023415 [Toronto] [Canadá] [Air Canada] 230 [Soleado] [Aceptado]
07:40:00 21/01/2024 122003 [Ámsterdam] [Países Bajos] [KLM] 160 [Soleado] [Aceptado]
17:00:00 22/01/2024 002734 [Viena] [Austria] [Austrian Airlines] 140 [Nublado] [Aceptado]
04:10:00 23/01/2024 022011 [Hong Kong] [China] [Cathay Pacific] 310 [Lluvioso] [Aceptado]
11:25:00 24/01/2024 001009 [Río de Janeiro] [Brasil] [Gol] 270 [Soleado] [Aceptado]
21:50:00 25/01/2024 002734 [Nairobi] [Kenia] [Kenya Airways] 190 [Nublado] [Aceptado]
08:20:00 26/01/2024 023415 [Bangkok] [Tailandia] [Thai Airways] 300 [Soleado] [Aceptado]
16:40:00 27/01/2024 122003 [Lisboa] [Portugal] [TAP Portugal] 130 [Lluvioso] [Aceptado]
06:00:00 28/01/2024 002734 [Washington] [Estados Unidos] [United Airlines] 220 [Soleado] [Aceptado]
14:10:00 29/01/2024 022011 [Lima] [Perú] [LATAM] 250 [Nublado] [Aceptado]
09:30:00 30/01/2024 001009 [Santiago] [Chile] [LATAM] 240 [Soleado] [Aceptado]
18:50:00 31/01/2024 002734 [Mumbai] [India] [Air India] 260 [Nublado] [Cancelado] [Huelga]
08:50:00 01/02/2024 023415 [París] [Francia] [Air France] 180 [Soleado] [Aceptado]
10:20:00 02/02/2024 122003 [Nueva York] [Estados Unidos] [Delta] 250 [Nublado] [Aceptado]
13:10:00 03/02/2024 002734 [Londres] [Reino Unido] [British Airways] 150 [Lluvioso] [Aceptado]
16:40:00 04/02/2024 022011 [París] [Francia] [Air France] 180 [Soleado] [Aceptado]
05:30:00 05/02/2024 001009 [Berlín] [Alemania] [Lufthansa] 200 [Soleado] [Aceptado]
12:00:00 06/02/2024 002734 [Tokio] [Japón] [ANA] 300 [Nublado] [Cancelado] [Temporal]
13:30:00 07/02/2024 023415 [Buenos Aires] [Argentina] [Aerolíneas Argentinas] 280 [Soleado] [Aceptado]
21:50:00 08/02/2024 122003 [Sidney] [Australia] [Qantas] 320 [Lluvioso] [Aceptado]
07:30:00 09/02/2024 002734 [Pekín] [China] [Air China] 300 [Soleado] [Aceptado]
16:00:00 10/02/2024 022011 [Roma] [Italia] [Alitalia] 170 [Nublado] [Aceptado]
04:20:00 11/02/2024 001009 [El Cairo] [Egipto] [EgyptAir] 200 [Soleado] [Cancelado] [Huelga]
15:10:00 12/02/2024 002734 [Ciudad de México] [México] [Aeroméxico] 220 [Soleado] [Aceptado]
08:30:00 13/02/2024 023415 [Moscú] [Rusia] [Aeroflot] 210 [Nublado] [Cancelado] [Problemas Técnicos]
18:20:00 14/02/2024 122003 [Estambul] [Turquía] [Turkish Airlines] 210 [Lluvioso] [Aceptado]
10:50:00 15/02/2024 002734 [Atenas] [Grecia] [Aegean Airlines] 170 [Soleado] [Aceptado]
19:10:00 16/02/2024 022011 [Dubái] [Emiratos Árabes Unidos] [Emirates] 310 [Soleado] [Aceptado]
07:10:00 17/02/2024 001009 [Seúl] [Corea del Sur] [Korean Air] 280 [Lluvioso] [Cancelado] [Temporal]
15:30:00 18/02/2024 002734 [Johannesburgo] [Sudáfrica] [South African Airways] 250 [Soleado] [Aceptado]
22:55:00 19/02/2024 023415 [Sao Paulo] [Brasil] [LATAM] 290 [Nublado] [Aceptado]
13:20:00 20/02/2024 122003 [Toronto] [Canadá] [Air Canada] 230 [Soleado] [Aceptado]
07:40:00 21/02/2024 002734 [Ámsterdam] [Países Bajos] [KLM] 160 [Soleado] [Aceptado]
17:00:00 22/02/2024 022011 [Viena] [Austria] [Austrian Airlines] 140 [Nublado] [Aceptado]
04:10:00 23/02/2024 001009 [Hong Kong] [China] [Cathay Pacific] 310 [Lluvioso] [Aceptado]
11:25:00 24/02/2024 002734 [Río de Janeiro] [Brasil] [Gol] 270 [Soleado] [Aceptado]
21:50:00 25/02/2024 023415 [Nairobi] [Kenia] [Kenya Airways] 190 [Nublado] [Aceptado]
08:20:00 26/02/2024 122003 [Bangkok] [Tailandia] [Thai Airways] 300 [Soleado] [Aceptado]
16:40:00 27/02/2024 002734 [Lisboa] [Portugal] [TAP Portugal] 130 [Lluvioso] [Aceptado]
06:00:00 28/02/2024 022011 [Washington] [Estados Unidos] [United Airlines] 220 [Soleado] [Aceptado]
14:10:00 29/02/2024 001009 [Lima] [Perú] [LATAM] 250 [Nublado] [Aceptado]
09:30:00 01/03/2024 002734 [Santiago] [Chile] [LATAM] 240 [Soleado] [Aceptado]
18:50:00 02/03/2024 023415 [Mumbai] [India] [Air India] 260 [Nublado] [Cancelado] [Huelga]
08:50:00 03/03/2024 122003 [París] [Francia] [Air France] 180 [Soleado] [Aceptado]
10:20:00 04/03/2024 002734 [Nueva York] [Estados Unidos] [Delta] 250 [Nublado] [Aceptado]
13:10:00 05/03/2024 022011 [Londres] [Reino Unido] [British Airways] 150 [Lluvioso] [Aceptado]
16:40:00 06/03/2024 001009 [París] [Francia] [Air France] 180 [Soleado] [Aceptado]
05:30:00 07/03/2024 002734 [Berlín] [Alemania] [Lufthansa] 200 [Soleado] [Aceptado]
13:20:00 09/03/2024 122003 [Buenos Aires] [Argentina] [Aerolíneas Argentinas] 280 [Soleado] [Aceptado]
21:50:00 10/03/2024 002734 [Sidney] [Australia] [Qantas] 320 [Lluvioso] [Aceptado]
07:30:00 11/03/2024 022011 [Pekín] [China] [Air China] 300 [Soleado] [Aceptado]
16:00:00 12/03/2024 001009 [Roma] [Italia] [Alitalia] 170 [Nublado] [Aceptado]
04:20:00 13/03/2024 002734 [El Cairo] [Egipto] [EgyptAir] 200 [Soleado] [Cancelado] [Huelga]
15:10:00 14/03/2024 023415 [Ciudad de México] [México] [Aeroméxico] 220 [Soleado] [Aceptado]
08:30:00 15/03/2024 122003 [Moscú] [Rusia] [Aeroflot] 210 [Nublado] [Cancelado] [Problemas Técnicos]
18:20:00 16/03/2024 002734 [Estambul] [Turquía] [Turkish Airlines] 210 [Lluvioso] [Aceptado]
10:50:00 17/03/2024 022011 [Atenas] [Grecia] [Aegean Airlines] 170 [Soleado] [Aceptado]
19:10:00 18/03/2024 001009 [Dubái] [Emiratos Árabes Unidos] [Emirates] 310 [Soleado] [Aceptado]
07:10:00 19/03/2024 002734 [Seúl] [Corea del Sur] [Korean Air] 280 [Lluvioso] [Cancelado] [Temporal]
15:30:00 20/03/2024 023415 [Johannesburgo] [Sudáfrica] [South African Airways] 250 [Soleado] [Aceptado]
22:55:00 21/03/2024 122003 [Sao Paulo] [Brasil] [LATAM] 290 [Nublado] [Aceptado]
13:20:00 22/03/2024 002734 [Toronto] [Canadá] [Air Canada] 230 [Soleado] [Aceptado]
07:40:00 23/03/2024 022011 [Ámsterdam] [Países Bajos] [KLM] 160 [Soleado] [Aceptado]
17:00:00 24/03/2024 001009 [Viena] [Austria] [Austrian Airlines] 140 [Nublado] [Aceptado]
04:10:00 25/03/2024 002734 [Hong Kong] [China] [Cathay Pacific] 310 [Lluvioso] [Aceptado]
11:25:00 26/03/2024 023415 [Río de Janeiro] [Brasil] [Gol] 270 [Soleado] [Aceptado]
21:50:00 27/03/2024 122003 [Nairobi] [Kenia] [Kenya Airways] 190 [Nublado] [Aceptado]
08:20:00 28/03/2024 002734 [Bangkok] [Tailandia] [Thai Airways] 300 [Soleado] [Aceptado]
16:40:00 29/03/2024 022011 [Lisboa] [Portugal] [TAP Portugal] 130 [Lluvioso] [Aceptado]
06:00:00 30/03/2024 001009 [Washington] [Estados Unidos] [United Airlines] 220 [Soleado] [Aceptado]
14:10:00 31/03/2024 002734 [Lima] [Perú] [LATAM] 250 [Nublado] [Aceptado]
09:30:00 01/04/2024 023415 [Santiago] [Chile] [LATAM] 240 [Soleado] [Aceptado]
18:50:00 02/04/2024 122003 [Mumbai] [India] [Air India] 260 [Nublado] [Cancelado] [Huelga]
08:50:00 03/04/2024 002734 [París] [Francia] [Air France] 180 [Soleado] [Aceptado]
10:20:00 04/04/2024 023415 [Nueva York] [Estados Unidos] [Delta] 250 [Nublado] [Aceptado]
13:10:00 05/04/2024 122003 [Londres] [Reino Unido] [British Airways] 150 [Lluvioso] [Aceptado]
16:40:00 06/04/2024 002734 [París] [Francia] [Air France] 180 [Soleado] [Aceptado]
05:30:00 07/04/2024 022011 [Berlín] [Alemania] [Lufthansa] 200 [Soleado] [Aceptado]
12:00:00 08/04/2024 001009 [Tokio] [Japón] [ANA] 300 [Nublado] [Cancelado] [Temporal]
13:30:00 09/04/2024 023415 [Buenos Aires] [Argentina] [Aerolíneas Argentinas] 280 [Soleado] [Aceptado]
21:50:00 10/04/2024 122003 [Sidney] [Australia] [Qantas] 320 [Lluvioso] [Aceptado]
07:30:00 11/04/2024 002734 [Pekín] [China] [Air China] 300 [Soleado] [Aceptado]
16:00:00 12/04/2024 022011 [Roma] [Italia] [Alitalia] 170 [Nublado] [Aceptado]
04:20:00 13/04/2024 001009 [El Cairo] [Egipto] [EgyptAir] 200 [Soleado] [Cancelado] [Huelga]
15:10:00 14/04/2024 002734 [Ciudad de México] [México] [Aeroméxico] 220 [Soleado] [Aceptado]
08:30:00 15/04/2024 023415 [Moscú] [Rusia] [Aeroflot] 210 [Nublado] [Cancelado] [Problemas Técnicos]
18:20:00 16/04/2024 122003 [Estambul] [Turquía] [Turkish Airlines] 210 [Lluvioso] [Aceptado]
10:50:00 17/04/2024 002734 [Atenas] [Grecia] [Aegean Airlines] 170 [Soleado] [Aceptado]
19:10:00 18/04/2024 022011 [Dubái] [Emiratos Árabes Unidos] [Emirates] 310 [Soleado] [Aceptado]
07:10:00 19/04/2024 001009 [Seúl] [Corea del Sur] [Korean Air] 280 [Lluvioso] [Cancelado] [Temporal]
15:30:00 20/04/2024 002734 [Johannesburgo] [Sudáfrica] [South African Airways] 250 [Soleado] [Aceptado]
22:55:00 21/04/2024 023415 [Sao Paulo] [Brasil] [LATAM] 290 [Nublado] [Aceptado]
13:20:00 22/04/2024 122003 [Toronto] [Canadá] [Air Canada] 230 [Soleado] [Aceptado]
07:40:00 23/04/2024 002734 [Ámsterdam] [Países Bajos] [KLM] 160 [Soleado] [Aceptado]
17:00:00 24/04/2024 022011 [Viena] [Austria] [Austrian Airlines] 140 [Nublado] [Aceptado]
11:25:00 26/04/2024 002734 [Río de Janeiro] [Brasil] [Gol] 270 [Soleado] [Aceptado]
21:50:00 27/04/2024 023415 [Nairobi] [Kenia] [Kenya Airways] 190 [Nublado] [Aceptado]
08:20:00 28/04/2024 002734 [Bangkok] [Tailandia] [Thai Airways] 300 [Soleado] [Aceptado]
16:40:00 29/04/2024 022011 [Lisboa] [Portugal] [TAP Portugal] 130 [Lluvioso] [Aceptado]
06:00:00 30/04/2024 001009 [Washington] [Estados Unidos] [United Airlines] 220 [Soleado] [Aceptado]
14:10:00 01/05/2024 002734 [Lima] [Perú] [LATAM] 250 [Nublado] [Aceptado]
09:30:00 02/05/2024 023415 [Santiago] [Chile] [LATAM] 240 [Soleado] [Aceptado]
18:50:00 03/05/2024 122003 [Mumbai] [India] [Air India] 260 [Nublado] [Cancelado] [Huelga]
08:50:00 04/05/2024 002734 [París] [Francia] [Air France] 180 [Soleado] [Aceptado]
10:20:00 05/05/2024 023415 [Nueva York] [Estados Unidos] [Delta] 250 [Nublado] [Aceptado]
13:10:00 06/05/2024 122003 [Londres] [Reino Unido] [British Airways] 150 [Lluvioso] [Aceptado]
16:40:00 07/05/2024 002734 [París] [Francia] [Air France] 180 [Soleado] [Aceptado]
05:30:00 08/05/2024 022011 [Berlín] [Alemania] [Lufthansa] 200 [Soleado] [Aceptado]
12:00:00 09/05/2024 001009 [Tokio] [Japón] [ANA] 300 [Nublado] [Cancelado] [Temporal]
13:30:00 10/05/2024 023415 [Buenos Aires] [Argentina] [Aerolíneas Argentinas] 280 [Soleado] [Aceptado]
21:50:00 11/05/2024 122003 [Sidney] [Australia] [Qantas] 320 [Lluvioso] [Aceptado]
07:30:00 12/05/2024 002734 [Pekín] [China] [Air China] 300 [Soleado] [Aceptado]
16:00:00 13/05/2024 022011 [Roma] [Italia] [Alitalia] 170 [Nublado] [Aceptado]
04:20:00 14/05/2024 001009 [El Cairo] [Egipto] [EgyptAir] 200 [Soleado] [Cancelado] [Huelga]
15:10:00 15/05/2024 002734 [Ciudad de México] [México] [Aeroméxico] 220 [Soleado] [Aceptado]
08:30:00 16/05/2024 023415 [Moscú] [Rusia] [Aeroflot] 210 [Nublado] [Cancelado] [Problemas Técnicos]
18:20:00 17/05/2024 002734 [Estambul] [Turquía] [Turkish Airlines] 210 [Lluvioso] [Aceptado]
10:50:00 18/05/2024 022011 [Atenas] [Grecia] [Aegean Airlines] 170 [Soleado] [Aceptado]
19:10:00 19/05/2024 001009 [Dubái] [Emiratos Árabes Unidos] [Emirates] 310 [Soleado] [Aceptado]
07:10:00 20/05/2024 002734 [Seúl] [Corea del Sur] [Korean Air] 280 [Lluvioso] [Cancelado] [Temporal]
15:30:00 21/05/2024 023415 [Johannesburgo] [Sudáfrica] [South African Airways] 250 [Soleado] [Aceptado]
22:55:00 22/05/2024 122003 [Sao Paulo] [Brasil] [LATAM] 290 [Nublado] [Aceptado]
13:20:00 23/05/2024 002734 [Toronto] [Canadá] [Air Canada] 230 [Soleado] [Aceptado]
07:40:00 24/05/2024 022011 [Ámsterdam] [Países Bajos] [KLM] 160 [Soleado] [Aceptado]
17:00:00 25/05/2024 001009 [Viena] [Austria] [Austrian Airlines] 140 [Nublado] [Aceptado]
04:10:00 26/05/2024 002734 [Hong Kong] [China] [Cathay Pacific] 310 [Lluvioso] [Aceptado]
11:25:00 27/05/2024 023415 [Río de Janeiro] [Brasil] [Gol] 270 [Soleado] [Aceptado]
21:50:00 28/05/2024 122003 [Nairobi] [Kenia] [Kenya Airways] 190 [Nublado] [Aceptado]
08:20:00 29/05/2024 002734 [Bangkok] [Tailandia] [Thai Airways] 300 [Soleado] [Aceptado]
16:40:00 30/05/2024 022011 [Lisboa] [Portugal] [TAP Portugal] 130 [Lluvioso] [Aceptado]
06:00:00 31/05/2024 001009 [Washington] [Estados Unidos] [United Airlines] 220 [Soleado] [Aceptado]
09:50:00 01/06/2024 002734 [París] [Francia] [Air France] 180 [Soleado] [Aceptado]
12:20:00 02/06/2024 023415 [Nueva York] [Estados Unidos] [Delta] 250 [Nublado] [Aceptado]
15:40:00 03/06/2024 122003 [Londres] [Reino Unido] [British Airways] 150 [Lluvioso] [Aceptado]
05:00:00 04/06/2024 002734 [Tokio] [Japón] [ANA] 300 [Nublado] [Cancelado] [Temporal]
11:40:00 05/06/2024 022011 [Buenos Aires] [Argentina] [Aerolíneas Argentinas] 280 [Soleado] [Aceptado]
20:00:00 06/06/2024 001009 [Sidney] [Australia] [Qantas] 320 [Lluvioso] [Aceptado]
05:40:00 07/06/2024 002734 [Pekín] [China] [Air China] 300 [Soleado] [Aceptado]
14:00:00 08/06/2024 022011 [Roma] [Italia] [Alitalia] 170 [Nublado] [Aceptado]
02:00:00 09/06/2024 001009 [El Cairo] [Egipto] [EgyptAir] 200 [Soleado] [Cancelado] [Huelga]
14:00:00 10/06/2024 023415 [Ciudad de México] [México] [Aeroméxico] 220 [Soleado] [Aceptado]
07:10:00 11/06/2024 002734 [Moscú] [Rusia] [Aeroflot] 210 [Nublado] [Cancelado] [Problemas Técnicos]
18:00:00 12/06/2024 022011 [Estambul] [Turquía] [Turkish Airlines] 210 [Lluvioso] [Aceptado]
09:30:00 13/06/2024 001009 [Atenas] [Grecia] [Aegean Airlines] 170 [Soleado] [Aceptado]
17:00:00 14/06/2024 002734 [Dubái] [Emiratos Árabes Unidos] [Emirates] 310 [Soleado] [Aceptado]
05:00:00 15/06/2024 022011 [Seúl] [Corea del Sur] [Korean Air] 280 [Lluvioso] [Cancelado] [Temporal]
11:30:00 16/06/2024 001009 [Johannesburgo] [Sudáfrica] [South African Airways] 250 [Soleado] [Aceptado]
21:35:00 17/06/2024 002734 [Sao Paulo] [Brasil] [LATAM] 290 [Nublado] [Aceptado]
12:20:00 18/06/2024 023415 [Toronto] [Canadá] [Air Canada] 230 [Soleado] [Aceptado]
06:00:00 19/06/2024 122003 [Tokio] [Japón] [Qatar Airways] 300 [Lluvioso] [Cancelado] [Temporal]